<?xml version="1.0" encoding="UTF-8"?>
<!-- Generated by org.testng.reporters.JUnitXMLReporter -->
<testsuite ignored="0" hostname="Tanujs-MacBook-Air.local" failures="0" tests="3" name="Default test" time="3.351" errors="0" timestamp="2023-05-08T01:26:33 IST">
  <testcase classname="files.DynamicJson" name="addBook" time="2.969"/>
  <testcase classname="files.DynamicJson" name="addBook" time="0.181"/>
  <testcase classname="files.DynamicJson" name="addBook" time="0.159"/>
</testsuite> <!-- Default test -->
