<?xml version="1.0" encoding="UTF-8"?>
<testng-results ignored="0" total="3" passed="3" failed="0" skipped="0">
  <reporter-output>
  </reporter-output>
  <suite started-at="2023-05-08T01:26:29 IST" name="Default suite" finished-at="2023-05-08T01:26:33 IST" duration-ms="3351">
    <groups>
    </groups>
    <test started-at="2023-05-08T01:26:29 IST" name="Default test" finished-at="2023-05-08T01:26:33 IST" duration-ms="3351">
      <class name="files.DynamicJson">
        <test-method signature="addBook(java.lang.String,java.lang.String)[pri:0, instance:files.DynamicJson@3972a855]" started-at="2023-05-08T01:26:29 IST" name="addBook" data-provider="isbnAisleData" finished-at="2023-05-08T01:26:32 IST" duration-ms="2969" status="PASS">
          <params>
            <param index="0">
              <value>
                <![CDATA[dsadsdad]]>
              </value>
            </param>
            <param index="1">
              <value>
                <![CDATA[13334]]>
              </value>
            </param>
          </params>
          <reporter-output>
          </reporter-output>
        </test-method> <!-- addBook -->
        <test-method signature="addBook(java.lang.String,java.lang.String)[pri:0, instance:files.DynamicJson@3972a855]" started-at="2023-05-08T01:26:32 IST" name="addBook" data-provider="isbnAisleData" finished-at="2023-05-08T01:26:32 IST" duration-ms="181" status="PASS">
          <params>
            <param index="0">
              <value>
                <![CDATA[sdfdsdc]]>
              </value>
            </param>
            <param index="1">
              <value>
                <![CDATA[4323]]>
              </value>
            </param>
          </params>
          <reporter-output>
          </reporter-output>
        </test-method> <!-- addBook -->
        <test-method signature="addBook(java.lang.String,java.lang.String)[pri:0, instance:files.DynamicJson@3972a855]" started-at="2023-05-08T01:26:32 IST" name="addBook" data-provider="isbnAisleData" finished-at="2023-05-08T01:26:33 IST" duration-ms="159" status="PASS">
          <params>
            <param index="0">
              <value>
                <![CDATA[csdsf]]>
              </value>
            </param>
            <param index="1">
              <value>
                <![CDATA[42234]]>
              </value>
            </param>
          </params>
          <reporter-output>
          </reporter-output>
        </test-method> <!-- addBook -->
      </class> <!-- files.DynamicJson -->
    </test> <!-- Default test -->
  </suite> <!-- Default suite -->
</testng-results>
